Loading "newcmpointcount.m"
Loading "cmdata.txt"
Loading "nfdata.m"
Starting curve 1 with label 66.660.50.a.1. Re-running with precmult = 4.00000000000000000000000000000.
Choosing power series precision = 1072.
Creating model with power series precision 1072.
Model found. Now increasing precision.
Precision increase done.
Trying to find Hecke matrix for p = 5.
Trying to find Hecke matrix for p = 7.
Trying to find Hecke matrix for p = 13.
Trying to find Hecke matrix for p = 17.
Trying to find Hecke matrix for p = 19.
Trying to find Hecke matrix for p = 23.
Trying to find Hecke matrix for p = 29.
Trying to find Hecke matrix for p = 31.
Trying to find Hecke matrix for p = 37.
Trying to find Hecke matrix for p = 41.
Trying to find Hecke matrix for p = 43.
Trying to find Hecke matrix for p = 47.
Trying to find Hecke matrix for p = 53.
Trying to find Hecke matrix for p = 59.
Trying to find Hecke matrix for p = 61.
Trying to find Hecke matrix for p = 67.
Trying to find Hecke matrix for p = 71.
Trying to find Hecke matrix for p = 73.
Trying to find Hecke matrix for p = 79.
Trying to find Hecke matrix for p = 83.
Trying to find Hecke matrix for p = 89.
Trying to find Hecke matrix for p = 97.
Trying to find Hecke matrix for p = 101.
Trying to find Hecke matrix for p = 103.
Trying to find Hecke matrix for p = 107.
Trying to find Hecke matrix for p = 109.
Representation is not unique for Hecke operator T_109. Increasing precision may help.
Representation is not unique for Hecke operator T_109. Increasing precision may help.
Representation is not unique for Hecke operator T_109. Increasing precision may help.
Representation is not unique for Hecke operator T_109. Increasing precision may help.
Representation is not unique for Hecke operator T_109. Increasing precision may help.
Representation is not unique for Hecke operator T_109. Increasing precision may help.
Representation is not unique for Hecke operator T_109. Increasing precision may help.
Representation is not unique for Hecke operator T_109. Increasing precision may help.
Representation is not unique for Hecke operator T_109. Increasing precision may help.
Representation is not unique for Hecke operator T_109. Increasing precision may help.
Representation is not unique for Hecke operator T_109. Increasing precision may help.
Representation is not unique for Hecke operator T_109. Increasing precision may help.
Representation is not unique for Hecke operator T_109. Increasing precision may help.
Representation is not unique for Hecke operator T_109. Increasing precision may help.
Representation is not unique for Hecke operator T_109. Increasing precision may help.
Representation is not unique for Hecke operator T_109. Increasing precision may help.
Representation is not unique for Hecke operator T_109. Increasing precision may help.
Representation is not unique for Hecke operator T_109. Increasing precision may help.
Representation is not unique for Hecke operator T_109. Increasing precision may help.
Representation is not unique for Hecke operator T_109. Increasing precision may help.
Representation is not unique for Hecke operator T_109. Increasing precision may help.
Representation is not unique for Hecke operator T_109. Increasing precision may help.
Representation is not unique for Hecke operator T_109. Increasing precision may help.
Representation is not unique for Hecke operator T_109. Increasing precision may help.
Representation is not unique for Hecke operator T_109. Increasing precision may help.
Representation is not unique for Hecke operator T_109. Increasing precision may help.
Representation is not unique for Hecke operator T_109. Increasing precision may help.
Representation is not unique for Hecke operator T_109. Increasing precision may help.
Representation is not unique for Hecke operator T_109. Increasing precision may help.
Representation is not unique for Hecke operator T_109. Increasing precision may help.
Representation is not unique for Hecke operator T_109. Increasing precision may help.
Representation is not unique for Hecke operator T_109. Increasing precision may help.
Representation is not unique for Hecke operator T_109. Increasing precision may help.
Representation is not unique for Hecke operator T_109. Increasing precision may help.
Representation is not unique for Hecke operator T_109. Increasing precision may help.
Representation is not unique for Hecke operator T_109. Increasing precision may help.
Representation is not unique for Hecke operator T_109. Increasing precision may help.
Representation is not unique for Hecke operator T_109. Increasing precision may help.
Representation is not unique for Hecke operator T_109. Increasing precision may help.
Representation is not unique for Hecke operator T_109. Increasing precision may help.
Representation is not unique for Hecke operator T_109. Increasing precision may help.
Representation is not unique for Hecke operator T_109. Increasing precision may help.
Representation is not unique for Hecke operator T_109. Increasing precision may help.
Representation is not unique for Hecke operator T_109. Increasing precision may help.
Representation is not unique for Hecke operator T_109. Increasing precision may help.
Representation is not unique for Hecke operator T_109. Increasing precision may help.
Representation is not unique for Hecke operator T_109. Increasing precision may help.
Representation is not unique for Hecke operator T_109. Increasing precision may help.
Representation is not unique for Hecke operator T_109. Increasing precision may help.
Representation is not unique for Hecke operator T_109. Increasing precision may help.
Nicefying 1x214200 matrix.
Nicefying 1x214200 matrix.
Nicefying 1x214200 matrix.
Nicefying 1x214200 matrix.
Nicefying 1x214200 matrix.
Nicefying 1x214200 matrix.
Nicefying 1x214200 matrix.
Failed to correctly identify Hecke eigenforms.
Rerun with a larger value of precmult.
ISSUE WITH LABEL 66.660.50.a.1.
ERROR IS 
FindMapsToEC(
ModEC: rec<recformat<N, gens, ainvlist, multlist, nummaps, CheckLoc...,
ainvlist: [ [ 1, -1, 0, -15, 8 ], [ 1, -1, 0, -87, 333 ], [ 1, -1, 1, ...,
multlist: [ 1, 1, 1, 1, 1, 1, 1 ]
)
GoodForms(
ModEC: rec<recformat<N, gens, ainvlist, multlist, nummaps, CheckLoc...
)
In file "/home/rouseja/research/2024/smallsurj/ModCrvToECv8.m", line 511, column 7:
>>       assert false;
         ^
Runtime error in assert: Assertion failed.
Time before error was 592.360 sec.
Starting curve 2 with label 70.280.19.c.1. Re-running with precmult = 2.50000000000000000000000000000.
Choosing power series precision = 715.
Creating model with power series precision 715.
Model found. Now increasing precision.
Precision increase done.
Trying to find Hecke matrix for p = 3.
Trying to find Hecke matrix for p = 11.
Trying to find Hecke matrix for p = 13.
Trying to find Hecke matrix for p = 17.
Trying to find Hecke matrix for p = 19.
Trying to find Hecke matrix for p = 23.
Trying to find Hecke matrix for p = 29.
Trying to find Hecke matrix for p = 31.
Trying to find Hecke matrix for p = 37.
Trying to find Hecke matrix for p = 41.
Nicefying 1x68544 matrix.
Nicefying 1x68544 matrix.
Nicefying 1x68544 matrix.
Nicefying 1x68544 matrix.
Nicefying 1x68544 matrix.
Fourier coefficient size diagnostic.
True max = 15.6524758424985278748642156811.
Bound is = 210.
Computing periods of 20 matrices (max length 50).
Best elliptic curve 1 is [ 0, 1, 0, 42, -287 ]. The Manin constant is 1/350.
Starting modular degree computation.
Computing 280 periods.
Analytic modular degree is 16.
Time to compute analytic modular degree: 854.700
Best elliptic curve 1 is [ 0, 1, 0, -71458, -7415787 ]. The Manin constant is 1/2450.
Starting modular degree computation.
Computing 280 periods.
Analytic modular degree is 112.
Time to compute analytic modular degree: 950.310
Best elliptic curve 1 is [ 0, 0, 0, -6125, -214375 ]. The Manin constant is 1/2450.
Starting modular degree computation.
Computing 280 periods.
Analytic modular degree is 48.
Time to compute analytic modular degree: 840.830
Best elliptic curve 1 is [ 0, -1, 0, -1458, 22037 ]. The Manin constant is 1/2450.
Starting modular degree computation.
Computing 280 periods.
Analytic modular degree is 16.
Time to compute analytic modular degree: 949.550
Best elliptic curve 1 is [ 0, -1, 0, 2042, 102537 ]. The Manin constant is 1/2450.
Starting modular degree computation.
Computing 280 periods.
Analytic modular degree is 48.
Time to compute analytic modular degree: 1073.110
Minimal modular degree is 16. Choosing elliptic curve [ 0, 1, 0, 42, -287 ].
Image of cusp 1 has order 1 on elliptic curve.
Point is (0 : 1 : 0).
Image of cusp 2 has order 1 on elliptic curve.
Point is (0 : 1 : 0).
Image of cusp 3 has order 1 on elliptic curve.
Point is (0 : 1 : 0).
Image of cusp 4 has order 1 on elliptic curve.
Point is (0 : 1 : 0).
Tweaking precision.
Guaranteed to find map in degree 2.
Old preclist = [ 715, 715, 715, 715 ].
precsum = 282, multiplier = 4, powerprec = 80.
Setting powerprec = 80.
New preclist = [ 80, 80, 80, 80 ].
Finding elliptic curve map 1.
Computing Fourier expansions of x and y modular functions at cusp 1 of 4.
Computing Fourier expansions of x and y modular functions at cusp 2 of 4.
Computing Fourier expansions of x and y modular functions at cusp 3 of 4.
Computing Fourier expansions of x and y modular functions at cusp 4 of 4.
Realizing x,y over cyclotomic field.
Computing Grobner basis for ideal.
Grobner basis time was 0.040.
Generating cyclotomic canonical ring.
Generating degree 1 piece of canonical ring.
Searching for map 1 of 1.
For d = 1, dimension of null space is 0.
Null space time was 0.040 sec.
Generating degree 2 piece of canonical ring.
Searching for map 1 of 1.
For d = 2, dimension of null space is 6.
Null space time was 0.520 sec.
Null space vector 1 of 6 is good.
Time to realize x,y over cyclotomic field: 2.050
Starting cyclotomic map evaluation.
Map 1 goes from XG to curve [ 0, 1, 0, 42, -287 ]. Base point (0 : 0 : 0 : 0 : 0 : 0 : 0 : 0 : 0 : 2 : 2 : -2 : -1 : -1 : -1 : 1 : 1 : 0 : 0) maps to (0 : 1 : 0).
Realizing x,y over rationals.
Generating rational canonical ring.
Searching for map 1 of 1 in degree 2.
Matrix size is 162 x 15168.
For d = 2, dimension of null space is 6.
Nicefying 6x162 matrix.
Checking map equation 1 of 5.
Checking map equation 2 of 5.
Checking compatability of map equation 1 and 2.
Checking map equation 3 of 5.
Checking compatability of map equation 1 and 3.
Checking compatability of map equation 2 and 3.
Checking map equation 4 of 5.
Checking compatability of map equation 1 and 4.
Checking compatability of map equation 2 and 4.
Checking compatability of map equation 3 and 4.
Checking map equation 5 of 5.
Checking compatability of map equation 1 and 5.
Checking compatability of map equation 2 and 5.
Checking compatability of map equation 3 and 5.
Checking compatability of map equation 4 and 5.
Time to realize x,y over rationals: 3.370
Pulling back points
The codomain of the map is a rank 0 elliptic curve: [ 0, 1, 0, 42, -287 ]
The set of rational points of this elliptic curve is:
Pulling back point (0 : 1 : 0).
Lifting mod p point (0 : 0 : 0 : 0 : 0 : 0 : 0 : 0 : 0 : 2 : 2 : 1 : 2 : 2 : 2 : 1 : 1 : 0 : 0).
We found a rational point (0 : 0 : 0 : 0 : 0 : 0 : 0 : 0 : 0 : 2 : 2 : -2 : -1 : -1 : -1 : 1 : 1 : 0 : 0).
Lifting mod p point (1 : 0 : 2 : 0 : 2 : 0 : 2 : 2 : 2 : 1 : 1 : 0 : 1 : 0 : 0 : 1 : 0 : 0 : 0).
We didn't find a rational point.
Lifting mod p point (2 : 0 : 1 : 0 : 1 : 0 : 1 : 1 : 1 : 1 : 1 : 0 : 1 : 0 : 0 : 1 : 0 : 0 : 0).
We didn't find a rational point.
Mod 3 there are 3 points, all of which are non-singular.
Mod 11 there are 5 points, all of which are non-singular.
Mod 13 there are 4 points, all of which are non-singular.
Mod 17 there are 1 points, all of which are non-singular.
The reduction mod p map from X(Q) -> X(F_17) is bijective. We're done!
Pulling back point (8 : -25 : 1).
Lifting mod p point (1 : 0 : 0 : 0 : 0 : 0 : 1 : 1 : 0 : 0 : 1 : 1 : 2 : 2 : 0 : 2 : 0 : 0 : 1).
We didn't find a rational point.
Lifting mod p point (1 : 0 : 2 : 0 : 2 : 0 : 2 : 2 : 2 : 1 : 1 : 0 : 1 : 0 : 0 : 1 : 0 : 0 : 0).
We didn't find a rational point.
Lifting mod p point (2 : 0 : 1 : 0 : 1 : 0 : 1 : 1 : 1 : 1 : 1 : 0 : 1 : 0 : 0 : 1 : 0 : 0 : 0).
We didn't find a rational point.
Mod 3 there are 3 points, all of which are non-singular.
Mod 11 there are 2 points, all of which are non-singular.
Mod 13 there are 0 points, all of which are non-singular.
The reduction mod p map from X(Q) -> X(F_13) is bijective. We're done!
Pulling back point (8 : 25 : 1).
Lifting mod p point (2 : 0 : 0 : 0 : 0 : 0 : 2 : 2 : 0 : 0 : 1 : 1 : 2 : 2 : 0 : 2 : 0 : 0 : 1).
We didn't find a rational point.
Lifting mod p point (1 : 0 : 2 : 0 : 2 : 0 : 2 : 2 : 2 : 1 : 1 : 0 : 1 : 0 : 0 : 1 : 0 : 0 : 0).
We didn't find a rational point.
Lifting mod p point (2 : 0 : 1 : 0 : 1 : 0 : 1 : 1 : 1 : 1 : 1 : 0 : 1 : 0 : 0 : 1 : 0 : 0 : 0).
We didn't find a rational point.
Mod 3 there are 3 points, all of which are non-singular.
Mod 11 there are 2 points, all of which are non-singular.
Mod 13 there are 0 points, all of which are non-singular.
The reduction mod p map from X(Q) -> X(F_13) is bijective. We're done!
There is 1 rational point on the given modular curve.
It is [ (0 : 0 : 0 : 0 : 0 : 0 : 0 : 0 : 0 : 2 : 2 : -2 : -1 : -1 : -1 : 1 : 1 : 0 : 0) ].
Time to pull back points: 5.490
Label: 70.280.19.c.1
Number of rational cusps: 1
Number of CM points: 0
Multiset of CM j-invariants: {* *}
Number of non-CM points: 0
Multiset of non-CM j-invariants: {* *}
Total time needed was 5002.470 sec.

Starting curve 3 with label 70.420.32.a.1. Re-running with precmult = 2.50000000000000000000000000000.
Choosing power series precision = 715.
Creating model with power series precision 715.
Model found. Now increasing precision.
Precision increase done.
Trying to find Hecke matrix for p = 3.
Trying to find Hecke matrix for p = 11.
Trying to find Hecke matrix for p = 13.
Trying to find Hecke matrix for p = 17.
Trying to find Hecke matrix for p = 19.
Trying to find Hecke matrix for p = 23.
Trying to find Hecke matrix for p = 29.
Trying to find Hecke matrix for p = 31.
Trying to find Hecke matrix for p = 37.
Trying to find Hecke matrix for p = 41.
Trying to find Hecke matrix for p = 43.
Trying to find Hecke matrix for p = 47.
Nicefying 1x102816 matrix.
Nicefying 1x102816 matrix.
Nicefying 1x102816 matrix.
Nicefying 1x102816 matrix.
Nicefying 1x102816 matrix.
Nicefying 1x102816 matrix.
Nicefying 1x102816 matrix.
Nicefying 1x102816 matrix.
Fourier coefficient size diagnostic.
True max = 32.6319298327859196575826137646.
Bound is = 210.
Computing periods of 20 matrices (max length 50).
Best elliptic curve 1 is [ 0, 0, 0, -49000, -4287500 ]. The Manin constant is 1/2450.
Starting modular degree computation.
Computing 420 periods.
Analytic modular degree is 360.
Time to compute analytic modular degree: 2599.680
Best elliptic curve 1 is [ 0, 1, 0, -71458, -7415787 ]. The Manin constant is 1/2450.
Starting modular degree computation.
Computing 420 periods.
Analytic modular degree is 280.
Time to compute analytic modular degree: 1591.930
Best elliptic curve 1 is [ 0, 0, 0, -6125, -214375 ]. The Manin constant is 1/2450.
Starting modular degree computation.
Computing 420 periods.
Analytic modular degree is 60.
Time to compute analytic modular degree: 1449.680
Best elliptic curve 1 is [ 0, 0, 0, -2695, 154350 ]. The Manin constant is 1/2450.
Starting modular degree computation.
Computing 420 periods.
Analytic modular degree is 72.
Time to compute analytic modular degree: 1609.640
Best elliptic curve 1 is [ 0, 0, 0, -67375, 19293750 ]. The Manin constant is 1/2450.
Starting modular degree computation.
Computing 420 periods.
Analytic modular degree is 360.
Time to compute analytic modular degree: 1608.990
Best elliptic curve 1 is [ 0, -1, 0, -1458, 22037 ]. The Manin constant is 1/2450.
Starting modular degree computation.
Computing 420 periods.
Analytic modular degree is 40.
Time to compute analytic modular degree: 1595.350
Best elliptic curve 1 is [ 0, -1, 0, 2042, 102537 ]. The Manin constant is 1/2450.
Starting modular degree computation.
Computing 420 periods.
Analytic modular degree is 60.
Time to compute analytic modular degree: 1851.790
Best elliptic curve 1 is [ 0, 0, 0, -1960, -34300 ]. The Manin constant is 1/2450.
Starting modular degree computation.
Computing 420 periods.
Analytic modular degree is 72.
Time to compute analytic modular degree: 2604.990
Minimal modular degree is 40. Choosing elliptic curve [ 0, -1, 0, -1458, 22037 ].
Image of cusp 1 has order 1 on elliptic curve.
Point is (0 : 1 : 0).
Image of cusp 2 has order 1 on elliptic curve.
Point is (0 : 1 : 0).
Image of cusp 3 has order 1 on elliptic curve.
Point is (0 : 1 : 0).
Image of cusp 4 has order 1 on elliptic curve.
Point is (0 : 1 : 0).
Image of cusp 5 has order 1 on elliptic curve.
Point is (0 : 1 : 0).
Image of cusp 6 has order 1 on elliptic curve.
Point is (0 : 1 : 0).
Tweaking precision.
Guaranteed to find map in degree 3.
Old preclist = [ 715, 715, 715, 715, 715, 715 ].
precsum = 632, multiplier = 6, powerprec = 115.
Setting powerprec = 115.
New preclist = [ 115, 115, 115, 115, 115, 115 ].
Finding elliptic curve map 1.
Computing Fourier expansions of x and y modular functions at cusp 1 of 6.
Computing Fourier expansions of x and y modular functions at cusp 2 of 6.
Computing Fourier expansions of x and y modular functions at cusp 3 of 6.
Computing Fourier expansions of x and y modular functions at cusp 4 of 6.
Computing Fourier expansions of x and y modular functions at cusp 5 of 6.
Computing Fourier expansions of x and y modular functions at cusp 6 of 6.
Realizing x,y over rationals.
Computing Grobner basis for ideal.
Grobner basis time was 0.220.
Generating rational canonical ring.
Generating degree 1 piece of canonical ring.
Generating degree 2 piece of canonical ring.
Searching for map 1 of 1 in degree 2.
Matrix size is 279 x 32832.
For d = 2, dimension of null space is 0.
Generating degree 3 piece of canonical ring.
Searching for map 1 of 1 in degree 3.
Matrix size is 465 x 32832.
For d = 3, dimension of null space is 35.
Nicefying 35x465 matrix.
Checking map equation 1 of 5.
Checking map equation 2 of 5.
Checking compatability of map equation 1 and 2.
Checking map equation 3 of 5.
Checking compatability of map equation 1 and 3.
Checking compatability of map equation 2 and 3.
Checking map equation 4 of 5.
Checking compatability of map equation 1 and 4.
Checking compatability of map equation 2 and 4.
Checking compatability of map equation 3 and 4.
Checking map equation 5 of 5.
Checking compatability of map equation 1 and 5.
Checking compatability of map equation 2 and 5.
Checking compatability of map equation 3 and 5.
Checking compatability of map equation 4 and 5.
Time to realize x,y over rationals: 255.500
Pulling back points
The codomain of the map is a rank 0 elliptic curve: [ 0, -1, 0, -1458, 22037 ]
The set of rational points of this elliptic curve is:
Pulling back point (0 : 1 : 0).
Lifting mod p point (1 : 1 : 10 : 9 : 10 : 4 : 8 : 1 : 9 : 4 : 2 : 3 : 7 : 7 : 9 : 9 : 8 : 4 : 8 : 3 : 8 : 4 : 5 : 8 : 7 : 5 : 7 : 0 : 8 : 0 : 3 : 1).
We didn't find a rational point.
Lifting mod p point (5 : 9 : 1 : 3 : 7 : 3 : 2 : 10 : 3 : 0 : 2 : 3 : 9 : 1 : 0 : 9 : 3 : 9 : 7 : 10 : 7 : 4 : 7 : 4 : 7 : 4 : 2 : 4 : 5 : 9 : 10 : 1).
We didn't find a rational point.
Lifting mod p point (6 : 2 : 10 : 8 : 4 : 8 : 9 : 1 : 8 : 0 : 9 : 8 : 2 : 1 : 0 : 9 : 3 : 9 : 7 : 10 : 7 : 4 : 7 : 4 : 7 : 4 : 2 : 4 : 5 : 9 : 10 : 1).
We didn't find a rational point.
Lifting mod p point (10 : 10 : 1 : 2 : 1 : 7 : 3 : 10 : 2 : 7 : 9 : 8 : 4 : 7 : 9 : 9 : 8 : 4 : 8 : 3 : 8 : 4 : 5 : 8 : 7 : 5 : 7 : 0 : 8 : 0 : 3 : 1).
We didn't find a rational point.
Lifting mod p point (1 : 8 : 3 : 3 : 10 : 7 : 5 : 8 : 7 : 9 : 3 : 4 : 8 : 1 : 0 : 0 : 10 : 0 : 0 : 10 : 1 : 0 : 0 : 0 : 10 : 0 : 1 : 10 : 1 : 0 : 1 : 0).
We didn't find a rational point.
Lifting mod p point (10 : 3 : 8 : 8 : 1 : 4 : 6 : 3 : 4 : 2 : 8 : 7 : 3 : 1 : 0 : 0 : 10 : 0 : 0 : 10 : 1 : 0 : 0 : 0 : 10 : 0 : 1 : 10 : 1 : 0 : 1 : 0).
We didn't find a rational point.
Mod 11 there are 6 points, all of which are non-singular.
Mod 13 there are 0 points, all of which are non-singular.
The reduction mod p map from X(Q) -> X(F_13) is bijective. We're done!
There are no rational points on the given modular curve.
Time to pull back points: 49.950
Label: 70.420.32.a.1
Number of rational cusps: 0
Number of CM points: 0
Multiset of CM j-invariants: {* *}
Number of non-CM points: 0
Multiset of non-CM j-invariants: {* *}
Total time needed was 16640.410 sec.

Starting curve 4 with label 70.420.32.c.1. Re-running with precmult = 2.00000000000000000000000000000.
Choosing power series precision = 572.
Creating model with power series precision 572.
Model found. Now increasing precision.
Precision increase done.
Trying to find Hecke matrix for p = 3.
Trying to find Hecke matrix for p = 11.
Trying to find Hecke matrix for p = 13.
Trying to find Hecke matrix for p = 17.
Trying to find Hecke matrix for p = 19.
Trying to find Hecke matrix for p = 23.
Trying to find Hecke matrix for p = 29.
Trying to find Hecke matrix for p = 31.
Trying to find Hecke matrix for p = 37.
Trying to find Hecke matrix for p = 41.
Nicefying 1x82224 matrix.
Nicefying 1x82224 matrix.
Nicefying 1x82224 matrix.
Nicefying 1x82224 matrix.
Nicefying 1x82224 matrix.
Fourier coefficient size diagnostic.
True max = 12.3337101625230104762138293470.
Bound is = 210.
Computing periods of 20 matrices (max length 50).
Best elliptic curve 1 is [ 0, 1, 0, 42, -287 ]. The Manin constant is 1/350.
Starting modular degree computation.
Computing 420 periods.
Analytic modular degree is 60.
Time to compute analytic modular degree: 1204.820
Best elliptic curve 1 is [ 0, 0, 0, -55, -450 ]. The Manin constant is 1/350.
Starting modular degree computation.
Computing 420 periods.
Analytic modular degree is 72.
Time to compute analytic modular degree: 1068.460
Best elliptic curve 1 is [ 0, 0, 0, -1000, 12500 ]. The Manin constant is 1/350.
Starting modular degree computation.
Computing 420 periods.
Analytic modular degree is 360.
Time to compute analytic modular degree: 1664.970
Best elliptic curve 1 is [ 0, 1, 0, -71458, -7415787 ]. The Manin constant is 1/2450.
Starting modular degree computation.
Computing 420 periods.
Analytic modular degree is 40.
Time to compute analytic modular degree: 1097.430
Best elliptic curve 1 is [ 0, -1, 0, -1458, 22037 ]. The Manin constant is 1/350.
Starting modular degree computation.
Computing 420 periods.
Analytic modular degree is 280.
Time to compute analytic modular degree: 1098.690
Minimal modular degree is 40. Choosing elliptic curve [ 0, 1, 0, -71458, -7415787 ].
Image of cusp 1 has order 1 on elliptic curve.
Point is (0 : 1 : 0).
Image of cusp 2 has order 1 on elliptic curve.
Point is (0 : 1 : 0).
Image of cusp 3 has order 1 on elliptic curve.
Point is (0 : 1 : 0).
Image of cusp 4 has order 1 on elliptic curve.
Point is (0 : 1 : 0).
Image of cusp 5 has order 1 on elliptic curve.
Point is (0 : 1 : 0).
Image of cusp 6 has order 1 on elliptic curve.
Point is (0 : 1 : 0).
Tweaking precision.
Guaranteed to find map in degree 3.
Old preclist = [ 572, 572, 572, 572, 572, 572 ].
precsum = 632, multiplier = 6, powerprec = 115.
Setting powerprec = 115.
New preclist = [ 115, 115, 115, 115, 115, 115 ].
Finding elliptic curve map 1.
Computing Fourier expansions of x and y modular functions at cusp 1 of 6.
Computing Fourier expansions of x and y modular functions at cusp 2 of 6.
Computing Fourier expansions of x and y modular functions at cusp 3 of 6.
Computing Fourier expansions of x and y modular functions at cusp 4 of 6.
Computing Fourier expansions of x and y modular functions at cusp 5 of 6.
Computing Fourier expansions of x and y modular functions at cusp 6 of 6.
Realizing x,y over rationals.
Computing Grobner basis for ideal.
Grobner basis time was 0.570.
Generating rational canonical ring.
Generating degree 1 piece of canonical ring.
Generating degree 2 piece of canonical ring.
Searching for map 1 of 1 in degree 2.
Matrix size is 279 x 32832.
For d = 2, dimension of null space is 0.
Generating degree 3 piece of canonical ring.
Searching for map 1 of 1 in degree 3.
Matrix size is 465 x 32832.
For d = 3, dimension of null space is 35.
Nicefying 35x465 matrix.
Checking map equation 1 of 5.
Checking map equation 2 of 5.
Checking compatability of map equation 1 and 2.
Checking map equation 3 of 5.
Checking compatability of map equation 1 and 3.
Checking compatability of map equation 2 and 3.
Checking map equation 4 of 5.
Checking compatability of map equation 1 and 4.
Checking compatability of map equation 2 and 4.
Checking compatability of map equation 3 and 4.
Checking map equation 5 of 5.
Checking compatability of map equation 1 and 5.
Checking compatability of map equation 2 and 5.
Checking compatability of map equation 3 and 5.
Checking compatability of map equation 4 and 5.
Time to realize x,y over rationals: 336.850
Pulling back points
The codomain of the map is a rank 0 elliptic curve: [ 0, 1, 0, -71458, -7415787 ]
The set of rational points of this elliptic curve is:
Pulling back point (0 : 1 : 0).
Lifting mod p point (1 : 16 : 11 : 11 : 12 : 4 : 16 : 4 : 13 : 13 : 8 : 13 : 0 : 4 : 0 : 0 : 4 : 13 : 4 : 9 : 13 : 0 : 0 : 0 : 1 : 4 : 12 : 13 : 4 : 13 : 0 : 1).
We found a rational point (1 : -1 : -1/3 : -1/3 : 2/3 : -5/3 : -1 : -5/3 : 5/3 : 5/3 : 7/3 : 5/3 : 0 : -5/3 : 0 : 0 : -5/3 : 5/3 : -5/3 : 10/3 : 5/3 : 0 : 0 : 0 : 1 : -5/3 : 2/3 : 5/3 : -5/3 : 5/3 : 0 : 1).
Lifting mod p point (1 : 16 : 11 : 11 : 12 : 13 : 16 : 4 : 4 : 4 : 8 : 4 : 0 : 13 : 0 : 0 : 13 : 4 : 13 : 8 : 4 : 0 : 0 : 0 : 1 : 4 : 12 : 13 : 13 : 4 : 0 : 1).
We found a rational point (1 : -1 : -1/3 : -1/3 : 2/3 : 5/3 : -1 : -5/3 : -5/3 : -5/3 : 7/3 : -5/3 : 0 : 5/3 : 0 : 0 : 5/3 : -5/3 : 5/3 : -10/3 : -5/3 : 0 : 0 : 0 : 1 : -5/3 : 2/3 : 5/3 : 5/3 : -5/3 : 0 : 1).
Lifting mod p point (4 : 13 : 13 : 1 : 9 : 0 : 0 : 0 : 7 : 7 : 13 : 7 : 3 : 14 : 10 : 0 : 14 : 13 : 6 : 6 : 2 : 11 : 15 : 4 : 3 : 0 : 15 : 13 : 8 : 5 : 12 : 1).
We didn't find a rational point.
Lifting mod p point (4 : 13 : 13 : 1 : 9 : 0 : 0 : 0 : 10 : 10 : 13 : 10 : 14 : 3 : 7 : 0 : 3 : 4 : 11 : 11 : 15 : 6 : 2 : 13 : 3 : 0 : 15 : 13 : 9 : 12 : 5 : 1).
We didn't find a rational point.
Lifting mod p point (6 : 1 : 1 : 0 : 4 : 8 : 1 : 7 : 8 : 5 : 15 : 3 : 2 : 11 : 8 : 14 : 2 : 14 : 10 : 3 : 1 : 16 : 4 : 13 : 3 : 11 : 1 : 2 : 7 : 6 : 0 : 1).
We didn't find a rational point.
Lifting mod p point (6 : 1 : 1 : 0 : 4 : 9 : 1 : 7 : 9 : 12 : 15 : 14 : 15 : 6 : 9 : 3 : 15 : 3 : 7 : 14 : 16 : 1 : 13 : 4 : 3 : 11 : 1 : 2 : 10 : 11 : 0 : 1).
We didn't find a rational point.
Lifting mod p point (11 : 1 : 13 : 1 : 0 : 8 : 10 : 13 : 11 : 16 : 1 : 3 : 6 : 15 : 13 : 15 : 2 : 7 : 2 : 5 : 8 : 15 : 14 : 13 : 10 : 7 : 15 : 8 : 2 : 13 : 3 : 1).
We didn't find a rational point.
Lifting mod p point (11 : 1 : 13 : 1 : 0 : 9 : 10 : 13 : 6 : 1 : 1 : 14 : 11 : 2 : 4 : 2 : 15 : 10 : 15 : 12 : 9 : 2 : 3 : 4 : 10 : 7 : 15 : 8 : 15 : 4 : 14 : 1).
We didn't find a rational point.
Lifting mod p point (16 : 0 : 8 : 12 : 13 : 8 : 14 : 6 : 12 : 16 : 1 : 7 : 0 : 6 : 14 : 1 : 12 : 4 : 1 : 10 : 16 : 16 : 0 : 2 : 12 : 1 : 1 : 1 : 1 : 4 : 1 : 1).
We didn't find a rational point.
Lifting mod p point (16 : 0 : 8 : 12 : 13 : 9 : 14 : 6 : 5 : 1 : 1 : 10 : 0 : 11 : 3 : 16 : 5 : 13 : 16 : 7 : 1 : 1 : 0 : 15 : 12 : 1 : 1 : 1 : 16 : 13 : 16 : 1).
We didn't find a rational point.
Lifting mod p point (16 : 3 : 12 : 2 : 13 : 2 : 11 : 16 : 4 : 9 : 2 : 4 : 6 : 10 : 9 : 16 : 11 : 4 : 13 : 5 : 1 : 0 : 10 : 2 : 3 : 0 : 0 : 7 : 14 : 11 : 9 : 1).
We didn't find a rational point.
Lifting mod p point (16 : 3 : 12 : 2 : 13 : 15 : 11 : 16 : 13 : 8 : 2 : 13 : 11 : 7 : 8 : 1 : 6 : 13 : 4 : 12 : 16 : 0 : 7 : 15 : 3 : 0 : 0 : 7 : 3 : 6 : 8 : 1).
We didn't find a rational point.
Mod 17 there are 12 points, all of which are non-singular.
Mod 19 there are 4 points, all of which are non-singular.
Mod 23 there are 14 points, all of which are non-singular.
Mod 29 there are 8 points, all of which are non-singular.
Mod 31 there are 2 points, all of which are non-singular.
The reduction mod p map from X(Q) -> X(F_31) is bijective. We're done!
There are 2 rational points on the given modular curve.
They are [ (1 : -1 : -1/3 : -1/3 : 2/3 : -5/3 : -1 : -5/3 : 5/3 : 5/3 : 7/3 : 5/3 : 0 : -5/3 : 0 : 0 : -5/3 : 5/3 : -5/3 : 10/3 : 5/3 : 0 : 0 : 0 : 1 : -5/3 : 2/3 : 5/3 : -5/3 : 5/3 : 0 : 1), (1 : -1 : -1/3 : -1/3 : 2/3 : 5/3 : -1 : -5/3 : -5/3 : -5/3 : 7/3 : -5/3 : 0 : 5/3 : 0 : 0 : 5/3 : -5/3 : 5/3 : -10/3 : -5/3 : 0 : 0 : 0 : 1 : -5/3 : 2/3 : 5/3 : 5/3 : -5/3 : 0 : 1) ].
Time to pull back points: 110.540
Label: 70.420.32.c.1
Number of rational cusps: 0
Number of CM points: 2
Multiset of CM j-invariants: {* 0^^2 *}
Number of non-CM points: 0
Multiset of non-CM j-invariants: {* *}
Total time needed was 7498.430 sec.


Total time: 29736.330 seconds, Total memory usage: 3694.38MB
